Using pre-set license
Built from '2020.2/staging' branch; Version is '2020.2.7f1 (c53830e277f1) revision 12924976'; Using compiler version '192528614'; Build Type 'Release'
OS: 'Windows 10 Home; OS build 22000.675; Version 2009; 64bit' Language: 'ja' Physical Memory: 8048 MB
BatchMode: 1, IsHumanControllingUs: 0, StartBugReporterOnCrash: 0, Is64bit: 1, IsPro: 0

 COMMAND LINE ARGUMENTS:
C:\Program Files\Unity\Hub\Editor\2020.2.7f1\Editor\Unity.exe
-adb2
-batchMode
-noUpm
-name
AssetImportWorker1
-projectPath
C:/Users/user/OneDrive/デスクトップ/OriginalGame
-logFile
Logs/AssetImportWorker1.log
-srvPort
54263
Successfully changed project path to: C:/Users/user/OneDrive/デスクトップ/OriginalGame
C:/Users/user/OneDrive/デスクトップ/OriginalGame
Using Asset Import Pipeline V2.
Refreshing native plugins compatible for Editor in 121.39 ms, found 1 plugins.
Preloading 0 native plugins for Editor in 0.00 ms.
Initialize engine version: 2020.2.7f1 (c53830e277f1)
[Subsystems] Discovering subsystems at path C:/Program Files/Unity/Hub/Editor/2020.2.7f1/Editor/Data/Resources/UnitySubsystems
[Subsystems] Discovering subsystems at path C:/Users/user/OneDrive/デスクトップ/OriginalGame/Assets
GfxDevice: creating device client; threaded=0
Direct3D:
    Version:  Direct3D 11.0 [level 11.1]
    Renderer: Intel(R) UHD Graphics (ID=0x9b41)
    Vendor:   
    VRAM:     4024 MB
    Driver:   30.0.100.9805
Initialize mono
Mono path[0] = 'C:/Program Files/Unity/Hub/Editor/2020.2.7f1/Editor/Data/Managed'
Mono path[1] = 'C:/Program Files/Unity/Hub/Editor/2020.2.7f1/Editor/Data/MonoBleedingEdge/lib/mono/unityjit'
Mono config path = 'C:/Program Files/Unity/Hub/Editor/2020.2.7f1/Editor/Data/MonoBleedingEdge/etc'
Using monoOptions --debugger-agent=transport=dt_socket,embedding=1,server=y,suspend=n,address=127.0.0.1:56048
Begin MonoManager ReloadAssembly
Registering precompiled unity dll's ...
Register platform support module: C:/Program Files/Unity/Hub/Editor/2020.2.7f1/Editor/Data/PlaybackEngines/WindowsStandaloneSupport/UnityEditor.WindowsStandalone.Extensions.dll
Registered in 0.001449 seconds.
Native extension for WindowsStandalone target not found
Refreshing native plugins compatible for Editor in 47.97 ms, found 1 plugins.
Preloading 0 native plugins for Editor in 0.00 ms.
Invoked RoslynAnalysisRunner static constructor.
RoslynAnalysisRunner will not be running.
RoslynAnalysisRunner has terminated.
Mono: successfully reloaded assembly
- Completed reload, in  2.002 seconds
Platform modules already initialized, skipping
Registering precompiled user dll's ...
Registered in 0.000944 seconds.
Begin MonoManager ReloadAssembly
Native extension for WindowsStandalone target not found
Refreshing native plugins compatible for Editor in 45.90 ms, found 1 plugins.
Preloading 0 native plugins for Editor in 0.00 ms.
Invoked RoslynAnalysisRunner static constructor.
RoslynAnalysisRunner will not be running.
RoslynAnalysisRunner has terminated.
Mono: successfully reloaded assembly
- Completed reload, in  4.862 seconds
Platform modules already initialized, skipping
========================================================================
Worker process is ready to serve import requests
Launched and connected shader compiler UnityShaderCompiler.exe after 0.11 seconds
Refreshing native plugins compatible for Editor in 0.70 ms, found 1 plugins.
Preloading 0 native plugins for Editor in 0.00 ms.
Unloading 1815 Unused Serialized files (Serialized files now loaded: 0)
System memory in use before: 85.1 MB.
System memory in use after: 85.0 MB.

Unloading 24 unused Assets to reduce memory usage. Loaded Objects now: 2259.
Total: 2.453200 ms (FindLiveObjects: 0.249300 ms CreateObjectMapping: 0.125400 ms MarkObjects: 1.958900 ms  DeleteObjects: 0.118300 ms)

========================================================================
Received Import Request.
  path: Assets/Scripts/EnemyMove.cs
  artifactKey: Guid(4567f4b01681d5f4389b48c7c74895dd) Importer(815301076,1909f56bfc062723c751e8b465ee728b)
Start importing Assets/Scripts/EnemyMove.cs using Guid(4567f4b01681d5f4389b48c7c74895dd) Importer(815301076,1909f56bfc062723c751e8b465ee728b)  -> (artifact id: 'e9ca42d8f216b026318893a4de0db079') in 0.072479 seconds
  Import took 0.082025 seconds .

========================================================================
Received Import Request.
  Time since last request: 494.320872 seconds.
  path: Assets/Scripts/AttackEnemyMove.cs
  artifactKey: Guid(49043edc245d01340b024f86b33d6387) Importer(815301076,1909f56bfc062723c751e8b465ee728b)
Start importing Assets/Scripts/AttackEnemyMove.cs using Guid(49043edc245d01340b024f86b33d6387) Importer(815301076,1909f56bfc062723c751e8b465ee728b)  -> (artifact id: 'd396fa28cc7f1a40c6833b53227dc3ce') in 0.021107 seconds
  Import took 0.032789 seconds .

========================================================================
Received Import Request.
  Time since last request: 0.012271 seconds.
  path: Assets/Scripts/AttackEnemyMove.cs
  artifactKey: Guid(49043edc245d01340b024f86b33d6387) Importer(815301076,1909f56bfc062723c751e8b465ee728b)
Start importing Assets/Scripts/AttackEnemyMove.cs using Guid(49043edc245d01340b024f86b33d6387) Importer(815301076,1909f56bfc062723c751e8b465ee728b)  -> (artifact id: 'd396fa28cc7f1a40c6833b53227dc3ce') in 0.016281 seconds
  Import took 0.032816 seconds .

========================================================================
Received Prepare
Registering precompiled user dll's ...
Registered in 0.001314 seconds.
Begin MonoManager ReloadAssembly
Native extension for WindowsStandalone target not found
Refreshing native plugins compatible for Editor in 0.66 ms, found 1 plugins.
Preloading 0 native plugins for Editor in 0.00 ms.
Invoked RoslynAnalysisRunner static constructor.
RoslynAnalysisRunner will not be running.
RoslynAnalysisRunner has terminated.
Mono: successfully reloaded assembly
- Completed reload, in  1.400 seconds
Platform modules already initialized, skipping
Refreshing native plugins compatible for Editor in 1.24 ms, found 1 plugins.
Preloading 0 native plugins for Editor in 0.00 ms.
Unloading 1811 Unused Serialized files (Serialized files now loaded: 0)
System memory in use before: 85.1 MB.
System memory in use after: 85.1 MB.

Unloading 12 unused Assets to reduce memory usage. Loaded Objects now: 2264.
Total: 4.368600 ms (FindLiveObjects: 0.710100 ms CreateObjectMapping: 0.266300 ms MarkObjects: 3.129400 ms  DeleteObjects: 0.260300 ms)

========================================================================
Received Import Request.
  Time since last request: 59.293930 seconds.
  path: Assets/Prefabs/AttackEnemy.prefab
  artifactKey: Guid(80ad64f323b0662429e1be1a3817761a) Importer(815301076,1909f56bfc062723c751e8b465ee728b)
Start importing Assets/Prefabs/AttackEnemy.prefab using Guid(80ad64f323b0662429e1be1a3817761a) Importer(815301076,1909f56bfc062723c751e8b465ee728b)  -> (artifact id: '1412d8fec4835db2064dc72195bad290') in 0.167754 seconds
  Import took 0.177289 seconds .

========================================================================
Received Prepare
Registering precompiled user dll's ...
Registered in 0.001999 seconds.
Begin MonoManager ReloadAssembly
Native extension for WindowsStandalone target not found
Refreshing native plugins compatible for Editor in 0.37 ms, found 1 plugins.
Preloading 0 native plugins for Editor in 0.00 ms.
Invoked RoslynAnalysisRunner static constructor.
RoslynAnalysisRunner will not be running.
RoslynAnalysisRunner has terminated.
Mono: successfully reloaded assembly
- Completed reload, in  1.228 seconds
Platform modules already initialized, skipping
Refreshing native plugins compatible for Editor in 0.53 ms, found 1 plugins.
Preloading 0 native plugins for Editor in 0.00 ms.
Unloading 1811 Unused Serialized files (Serialized files now loaded: 0)
System memory in use before: 88.2 MB.
System memory in use after: 88.2 MB.

Unloading 12 unused Assets to reduce memory usage. Loaded Objects now: 2275.
Total: 2.683600 ms (FindLiveObjects: 0.190100 ms CreateObjectMapping: 0.065900 ms MarkObjects: 2.319600 ms  DeleteObjects: 0.106900 ms)

========================================================================
Received Import Request.
  Time since last request: 233.407643 seconds.
  path: Assets/Scripts/AttackEnemyMove.cs
  artifactKey: Guid(49043edc245d01340b024f86b33d6387) Importer(815301076,1909f56bfc062723c751e8b465ee728b)
Start importing Assets/Scripts/AttackEnemyMove.cs using Guid(49043edc245d01340b024f86b33d6387) Importer(815301076,1909f56bfc062723c751e8b465ee728b)  -> (artifact id: '951fb575bf153b3ec6bb34f57b933d71') in 0.013790 seconds
  Import took 0.020538 seconds .

========================================================================
Received Prepare
Registering precompiled user dll's ...
Registered in 0.001178 seconds.
Begin MonoManager ReloadAssembly
Native extension for WindowsStandalone target not found
Refreshing native plugins compatible for Editor in 0.59 ms, found 1 plugins.
Preloading 0 native plugins for Editor in 0.00 ms.
Invoked RoslynAnalysisRunner static constructor.
RoslynAnalysisRunner will not be running.
RoslynAnalysisRunner has terminated.
Mono: successfully reloaded assembly
- Completed reload, in  1.086 seconds
Platform modules already initialized, skipping
Refreshing native plugins compatible for Editor in 1.01 ms, found 1 plugins.
Preloading 0 native plugins for Editor in 0.00 ms.
Unloading 1811 Unused Serialized files (Serialized files now loaded: 0)
System memory in use before: 88.2 MB.
System memory in use after: 88.2 MB.

Unloading 12 unused Assets to reduce memory usage. Loaded Objects now: 2279.
Total: 2.899700 ms (FindLiveObjects: 0.486200 ms CreateObjectMapping: 0.169800 ms MarkObjects: 2.134000 ms  DeleteObjects: 0.108300 ms)

========================================================================
Received Import Request.
  Time since last request: 161.426963 seconds.
  path: Assets/Scripts/AttackEnemyGenerator.cs
  artifactKey: Guid(0d52d8ce1d2579443827850edeb7bd40) Importer(815301076,1909f56bfc062723c751e8b465ee728b)
Start importing Assets/Scripts/AttackEnemyGenerator.cs using Guid(0d52d8ce1d2579443827850edeb7bd40) Importer(815301076,1909f56bfc062723c751e8b465ee728b)  -> (artifact id: '1674b712ba518b38ca190ad397dad28d') in 0.040381 seconds
  Import took 0.052958 seconds .

========================================================================
Received Import Request.
  Time since last request: 0.011560 seconds.
  path: Assets/Scripts/AttackEnemyGenerator.cs
  artifactKey: Guid(0d52d8ce1d2579443827850edeb7bd40) Importer(815301076,1909f56bfc062723c751e8b465ee728b)
Start importing Assets/Scripts/AttackEnemyGenerator.cs using Guid(0d52d8ce1d2579443827850edeb7bd40) Importer(815301076,1909f56bfc062723c751e8b465ee728b)  -> (artifact id: '1674b712ba518b38ca190ad397dad28d') in 0.025344 seconds
  Import took 0.065868 seconds .

========================================================================
Received Prepare
Registering precompiled user dll's ...
Registered in 0.001416 seconds.
Begin MonoManager ReloadAssembly
Native extension for WindowsStandalone target not found
Refreshing native plugins compatible for Editor in 0.87 ms, found 1 plugins.
Preloading 0 native plugins for Editor in 0.00 ms.
Invoked RoslynAnalysisRunner static constructor.
RoslynAnalysisRunner will not be running.
RoslynAnalysisRunner has terminated.
Mono: successfully reloaded assembly
- Completed reload, in  1.336 seconds
Platform modules already initialized, skipping
Refreshing native plugins compatible for Editor in 0.63 ms, found 1 plugins.
Preloading 0 native plugins for Editor in 0.00 ms.
Unloading 1812 Unused Serialized files (Serialized files now loaded: 0)
System memory in use before: 88.3 MB.
System memory in use after: 88.3 MB.

Unloading 12 unused Assets to reduce memory usage. Loaded Objects now: 2284.
Total: 5.167600 ms (FindLiveObjects: 0.299600 ms CreateObjectMapping: 0.221900 ms MarkObjects: 4.486500 ms  DeleteObjects: 0.157300 ms)

========================================================================
Received Prepare
Registering precompiled user dll's ...
Registered in 0.001424 seconds.
Begin MonoManager ReloadAssembly
Native extension for WindowsStandalone target not found
Refreshing native plugins compatible for Editor in 0.39 ms, found 1 plugins.
Preloading 0 native plugins for Editor in 0.00 ms.
Invoked RoslynAnalysisRunner static constructor.
RoslynAnalysisRunner will not be running.
RoslynAnalysisRunner has terminated.
Mono: successfully reloaded assembly
- Completed reload, in  1.218 seconds
Platform modules already initialized, skipping
Refreshing native plugins compatible for Editor in 0.94 ms, found 1 plugins.
Preloading 0 native plugins for Editor in 0.00 ms.
Unloading 1812 Unused Serialized files (Serialized files now loaded: 0)
System memory in use before: 88.3 MB.
System memory in use after: 88.3 MB.

Unloading 12 unused Assets to reduce memory usage. Loaded Objects now: 2288.
Total: 4.563300 ms (FindLiveObjects: 0.519800 ms CreateObjectMapping: 0.233100 ms MarkObjects: 3.665700 ms  DeleteObjects: 0.142300 ms)

========================================================================
Received Import Request.
  Time since last request: 76.582856 seconds.
  path: Assets/Scripts/AttackEnemyGenerator.cs
  artifactKey: Guid(0d52d8ce1d2579443827850edeb7bd40) Importer(815301076,1909f56bfc062723c751e8b465ee728b)
Start importing Assets/Scripts/AttackEnemyGenerator.cs using Guid(0d52d8ce1d2579443827850edeb7bd40) Importer(815301076,1909f56bfc062723c751e8b465ee728b)  -> (artifact id: '66ca0c13ea2b8d1e5b731e3936ab22b3') in 0.009249 seconds
  Import took 0.015695 seconds .

========================================================================
Received Prepare
Registering precompiled user dll's ...
Registered in 0.001372 seconds.
Begin MonoManager ReloadAssembly
Native extension for WindowsStandalone target not found
Refreshing native plugins compatible for Editor in 1.05 ms, found 1 plugins.
Preloading 0 native plugins for Editor in 0.00 ms.
Invoked RoslynAnalysisRunner static constructor.
RoslynAnalysisRunner will not be running.
RoslynAnalysisRunner has terminated.
Mono: successfully reloaded assembly
- Completed reload, in  1.225 seconds
Platform modules already initialized, skipping
Refreshing native plugins compatible for Editor in 0.47 ms, found 1 plugins.
Preloading 0 native plugins for Editor in 0.00 ms.
Unloading 1812 Unused Serialized files (Serialized files now loaded: 0)
System memory in use before: 88.3 MB.
System memory in use after: 88.3 MB.

Unloading 12 unused Assets to reduce memory usage. Loaded Objects now: 2292.
Total: 3.247500 ms (FindLiveObjects: 0.544600 ms CreateObjectMapping: 0.266200 ms MarkObjects: 2.296600 ms  DeleteObjects: 0.138600 ms)

========================================================================
Received Prepare
Registering precompiled user dll's ...
Registered in 0.001013 seconds.
Begin MonoManager ReloadAssembly
Native extension for WindowsStandalone target not found
Refreshing native plugins compatible for Editor in 0.84 ms, found 1 plugins.
Preloading 0 native plugins for Editor in 0.00 ms.
Invoked RoslynAnalysisRunner static constructor.
RoslynAnalysisRunner will not be running.
RoslynAnalysisRunner has terminated.
Mono: successfully reloaded assembly
- Completed reload, in  0.982 seconds
Platform modules already initialized, skipping
Refreshing native plugins compatible for Editor in 0.55 ms, found 1 plugins.
Preloading 0 native plugins for Editor in 0.00 ms.
Unloading 1812 Unused Serialized files (Serialized files now loaded: 0)
System memory in use before: 88.3 MB.
System memory in use after: 88.3 MB.

Unloading 12 unused Assets to reduce memory usage. Loaded Objects now: 2296.
Total: 2.897200 ms (FindLiveObjects: 0.340100 ms CreateObjectMapping: 0.109700 ms MarkObjects: 2.284400 ms  DeleteObjects: 0.159000 ms)

========================================================================
Received Prepare
Registering precompiled user dll's ...
Registered in 0.000976 seconds.
Begin MonoManager ReloadAssembly
Native extension for WindowsStandalone target not found
Refreshing native plugins compatible for Editor in 0.59 ms, found 1 plugins.
Preloading 0 native plugins for Editor in 0.00 ms.
Invoked RoslynAnalysisRunner static constructor.
RoslynAnalysisRunner will not be running.
RoslynAnalysisRunner has terminated.
Mono: successfully reloaded assembly
- Completed reload, in  1.055 seconds
Platform modules already initialized, skipping
Refreshing native plugins compatible for Editor in 0.35 ms, found 1 plugins.
Preloading 0 native plugins for Editor in 0.00 ms.
Unloading 1812 Unused Serialized files (Serialized files now loaded: 0)
System memory in use before: 88.3 MB.
System memory in use after: 88.3 MB.

Unloading 12 unused Assets to reduce memory usage. Loaded Objects now: 2300.
Total: 4.050200 ms (FindLiveObjects: 0.727400 ms CreateObjectMapping: 0.211100 ms MarkObjects: 2.946900 ms  DeleteObjects: 0.161300 ms)

========================================================================
Received Import Request.
  Time since last request: 1039.393202 seconds.
  path: Assets/Materials/ball_takkyu.png
  artifactKey: Guid(0ff40f8a1534a974e943e86fbfd8557f) Importer(815301076,1909f56bfc062723c751e8b465ee728b)
Start importing Assets/Materials/ball_takkyu.png using Guid(0ff40f8a1534a974e943e86fbfd8557f) Importer(815301076,1909f56bfc062723c751e8b465ee728b)  -> (artifact id: '0f091dd237b69d19da3a8681d25db9bf') in 0.109146 seconds
  Import took 0.114782 seconds .

========================================================================
Received Import Request.
  Time since last request: 0.021650 seconds.
  path: Assets/Materials/ball_takkyu.png
  artifactKey: Guid(0ff40f8a1534a974e943e86fbfd8557f) Importer(815301076,1909f56bfc062723c751e8b465ee728b)
Start importing Assets/Materials/ball_takkyu.png using Guid(0ff40f8a1534a974e943e86fbfd8557f) Importer(815301076,1909f56bfc062723c751e8b465ee728b)  -> (artifact id: '0f091dd237b69d19da3a8681d25db9bf') in 0.014580 seconds
  Import took 0.021988 seconds .

========================================================================
Received Import Request.
  Time since last request: 38.428078 seconds.
  path: Assets/Materials/bullet.png
  artifactKey: Guid(5284abc0e5bd162479eb36c568efc23f) Importer(815301076,1909f56bfc062723c751e8b465ee728b)
Start importing Assets/Materials/bullet.png using Guid(5284abc0e5bd162479eb36c568efc23f) Importer(815301076,1909f56bfc062723c751e8b465ee728b)  -> (artifact id: 'b01cf2c6f8d723d0a85b711d5ac35374') in 0.032065 seconds
  Import took 0.040094 seconds .

========================================================================
Received Import Request.
  Time since last request: 0.000814 seconds.
  path: Assets/Materials/bullet.png
  artifactKey: Guid(5284abc0e5bd162479eb36c568efc23f) Importer(815301076,1909f56bfc062723c751e8b465ee728b)
Start importing Assets/Materials/bullet.png using Guid(5284abc0e5bd162479eb36c568efc23f) Importer(815301076,1909f56bfc062723c751e8b465ee728b)  -> (artifact id: 'b01cf2c6f8d723d0a85b711d5ac35374') in 0.017033 seconds
  Import took 0.025681 seconds .

========================================================================
Received Import Request.
  Time since last request: 166.737525 seconds.
  path: Assets/Materials/bullet.png
  artifactKey: Guid(5284abc0e5bd162479eb36c568efc23f) Importer(815301076,1909f56bfc062723c751e8b465ee728b)
Start importing Assets/Materials/bullet.png using Guid(5284abc0e5bd162479eb36c568efc23f) Importer(815301076,1909f56bfc062723c751e8b465ee728b)  -> (artifact id: '0f24353ec9fd51d8c4e5135b0f628aef') in 0.027077 seconds
  Import took 0.039321 seconds .

========================================================================
Received Import Request.
  Time since last request: 0.006340 seconds.
  path: Assets/Materials/bullet.png
  artifactKey: Guid(5284abc0e5bd162479eb36c568efc23f) Importer(815301076,1909f56bfc062723c751e8b465ee728b)
Start importing Assets/Materials/bullet.png using Guid(5284abc0e5bd162479eb36c568efc23f) Importer(815301076,1909f56bfc062723c751e8b465ee728b)  -> (artifact id: '0f24353ec9fd51d8c4e5135b0f628aef') in 0.024469 seconds
  Import took 0.031538 seconds .

========================================================================
Received Import Request.
  Time since last request: 4.970158 seconds.
  path: Assets/Materials/bullet.png
  artifactKey: Guid(5284abc0e5bd162479eb36c568efc23f) Importer(815301076,1909f56bfc062723c751e8b465ee728b)
Start importing Assets/Materials/bullet.png using Guid(5284abc0e5bd162479eb36c568efc23f) Importer(815301076,1909f56bfc062723c751e8b465ee728b)  -> (artifact id: '0cb77329429c97d837d5f7a72b011abb') in 0.020789 seconds
  Import took 0.030600 seconds .

========================================================================
Received Import Request.
  Time since last request: 0.010421 seconds.
  path: Assets/Materials/bullet.png
  artifactKey: Guid(5284abc0e5bd162479eb36c568efc23f) Importer(815301076,1909f56bfc062723c751e8b465ee728b)
Start importing Assets/Materials/bullet.png using Guid(5284abc0e5bd162479eb36c568efc23f) Importer(815301076,1909f56bfc062723c751e8b465ee728b)  -> (artifact id: '0cb77329429c97d837d5f7a72b011abb') in 0.018253 seconds
  Import took 0.027404 seconds .

========================================================================
Received Import Request.
  Time since last request: 5.240775 seconds.
  path: Assets/Materials/bullet.png
  artifactKey: Guid(5284abc0e5bd162479eb36c568efc23f) Importer(815301076,1909f56bfc062723c751e8b465ee728b)
Start importing Assets/Materials/bullet.png using Guid(5284abc0e5bd162479eb36c568efc23f) Importer(815301076,1909f56bfc062723c751e8b465ee728b)  -> (artifact id: '468dbc74713b6e16d285c63a71e4e194') in 0.026090 seconds
  Import took 0.038595 seconds .

========================================================================
Received Import Request.
  Time since last request: 6.823010 seconds.
  path: Assets/Materials/bullet.png
  artifactKey: Guid(5284abc0e5bd162479eb36c568efc23f) Importer(815301076,1909f56bfc062723c751e8b465ee728b)
Start importing Assets/Materials/bullet.png using Guid(5284abc0e5bd162479eb36c568efc23f) Importer(815301076,1909f56bfc062723c751e8b465ee728b)  -> (artifact id: 'fe3a21a8121ae7aeb4922ee4f4664180') in 0.021793 seconds
  Import took 0.030192 seconds .

========================================================================
Received Import Request.
  Time since last request: 0.000925 seconds.
  path: Assets/Materials/bullet.png
  artifactKey: Guid(5284abc0e5bd162479eb36c568efc23f) Importer(815301076,1909f56bfc062723c751e8b465ee728b)
Start importing Assets/Materials/bullet.png using Guid(5284abc0e5bd162479eb36c568efc23f) Importer(815301076,1909f56bfc062723c751e8b465ee728b)  -> (artifact id: 'fe3a21a8121ae7aeb4922ee4f4664180') in 0.020846 seconds
  Import took 0.028219 seconds .

========================================================================
Received Import Request.
  Time since last request: 8.225303 seconds.
  path: Assets/Materials/bullet.png
  artifactKey: Guid(5284abc0e5bd162479eb36c568efc23f) Importer(815301076,1909f56bfc062723c751e8b465ee728b)
Start importing Assets/Materials/bullet.png using Guid(5284abc0e5bd162479eb36c568efc23f) Importer(815301076,1909f56bfc062723c751e8b465ee728b)  -> (artifact id: '30b01eeb2d8c09e7f6f6816a0d25ef54') in 0.022006 seconds
  Import took 0.034096 seconds .

========================================================================
Received Import Request.
  Time since last request: 23.237047 seconds.
  path: Assets/Materials/bullet.png
  artifactKey: Guid(5284abc0e5bd162479eb36c568efc23f) Importer(815301076,1909f56bfc062723c751e8b465ee728b)
Start importing Assets/Materials/bullet.png using Guid(5284abc0e5bd162479eb36c568efc23f) Importer(815301076,1909f56bfc062723c751e8b465ee728b)  -> (artifact id: '6c8b8acdb8593dec81f1561a74ee8b5e') in 0.019098 seconds
  Import took 0.029349 seconds .

========================================================================
Received Import Request.
  Time since last request: 0.016150 seconds.
  path: Assets/Materials/bullet.png
  artifactKey: Guid(5284abc0e5bd162479eb36c568efc23f) Importer(815301076,1909f56bfc062723c751e8b465ee728b)
Start importing Assets/Materials/bullet.png using Guid(5284abc0e5bd162479eb36c568efc23f) Importer(815301076,1909f56bfc062723c751e8b465ee728b)  -> (artifact id: '6c8b8acdb8593dec81f1561a74ee8b5e') in 0.030346 seconds
  Import took 0.048639 seconds .

========================================================================
Received Import Request.
  Time since last request: 259.557823 seconds.
  path: Assets/Scripts/BulletMove.cs
  artifactKey: Guid(f635e0034e3e3e84f8bdf5d52eafb97c) Importer(815301076,1909f56bfc062723c751e8b465ee728b)
Start importing Assets/Scripts/BulletMove.cs using Guid(f635e0034e3e3e84f8bdf5d52eafb97c) Importer(815301076,1909f56bfc062723c751e8b465ee728b)  -> (artifact id: '596cc5886df34e70ae4be49a2f74d5eb') in 0.015446 seconds
  Import took 0.024774 seconds .

========================================================================
Received Import Request.
  Time since last request: 0.006697 seconds.
  path: Assets/Scripts/BulletMove.cs
  artifactKey: Guid(f635e0034e3e3e84f8bdf5d52eafb97c) Importer(815301076,1909f56bfc062723c751e8b465ee728b)
Start importing Assets/Scripts/BulletMove.cs using Guid(f635e0034e3e3e84f8bdf5d52eafb97c) Importer(815301076,1909f56bfc062723c751e8b465ee728b)  -> (artifact id: '596cc5886df34e70ae4be49a2f74d5eb') in 0.007372 seconds
  Import took 0.020661 seconds .

========================================================================
Received Prepare
Registering precompiled user dll's ...
Registered in 0.002242 seconds.
Begin MonoManager ReloadAssembly
Native extension for WindowsStandalone target not found
Refreshing native plugins compatible for Editor in 0.44 ms, found 1 plugins.
Preloading 0 native plugins for Editor in 0.00 ms.
Invoked RoslynAnalysisRunner static constructor.
RoslynAnalysisRunner will not be running.
RoslynAnalysisRunner has terminated.
Mono: successfully reloaded assembly
- Completed reload, in  1.249 seconds
Platform modules already initialized, skipping
Refreshing native plugins compatible for Editor in 0.98 ms, found 1 plugins.
Preloading 0 native plugins for Editor in 0.00 ms.
Unloading 1813 Unused Serialized files (Serialized files now loaded: 0)
System memory in use before: 88.4 MB.
System memory in use after: 88.4 MB.

Unloading 12 unused Assets to reduce memory usage. Loaded Objects now: 2308.
Total: 3.138500 ms (FindLiveObjects: 0.442700 ms CreateObjectMapping: 0.108700 ms MarkObjects: 2.398200 ms  DeleteObjects: 0.187200 ms)

========================================================================
Received Import Request.
  Time since last request: 27.744532 seconds.
  path: Assets/Prefabs/Bullet.prefab
  artifactKey: Guid(f3a6f95a2f6c1b242affdca240e4dd1d) Importer(815301076,1909f56bfc062723c751e8b465ee728b)
Start importing Assets/Prefabs/Bullet.prefab using Guid(f3a6f95a2f6c1b242affdca240e4dd1d) Importer(815301076,1909f56bfc062723c751e8b465ee728b)  -> (artifact id: '8f0d7df4de9b8ac04f13e08d85ef2807') in 0.088535 seconds
  Import took 0.096684 seconds .

========================================================================
Received Import Request.
  Time since last request: 0.003893 seconds.
  path: Assets/Prefabs/Bullet.prefab
  artifactKey: Guid(f3a6f95a2f6c1b242affdca240e4dd1d) Importer(815301076,1909f56bfc062723c751e8b465ee728b)
Start importing Assets/Prefabs/Bullet.prefab using Guid(f3a6f95a2f6c1b242affdca240e4dd1d) Importer(815301076,1909f56bfc062723c751e8b465ee728b)  -> (artifact id: '8f0d7df4de9b8ac04f13e08d85ef2807') in 0.049396 seconds
  Import took 0.056768 seconds .

========================================================================
Received Prepare
Registering precompiled user dll's ...
Registered in 0.002159 seconds.
Begin MonoManager ReloadAssembly
Native extension for WindowsStandalone target not found
Refreshing native plugins compatible for Editor in 0.97 ms, found 1 plugins.
Preloading 0 native plugins for Editor in 0.00 ms.
Invoked RoslynAnalysisRunner static constructor.
RoslynAnalysisRunner will not be running.
RoslynAnalysisRunner has terminated.
Mono: successfully reloaded assembly
- Completed reload, in  1.133 seconds
Platform modules already initialized, skipping
Refreshing native plugins compatible for Editor in 0.42 ms, found 1 plugins.
Preloading 0 native plugins for Editor in 0.00 ms.
Unloading 1813 Unused Serialized files (Serialized files now loaded: 0)
System memory in use before: 88.4 MB.
System memory in use after: 88.4 MB.

Unloading 12 unused Assets to reduce memory usage. Loaded Objects now: 2313.
Total: 5.607600 ms (FindLiveObjects: 1.326000 ms CreateObjectMapping: 0.338600 ms MarkObjects: 3.643500 ms  DeleteObjects: 0.296100 ms)

========================================================================
Received Prepare
Registering precompiled user dll's ...
Registered in 0.001354 seconds.
Begin MonoManager ReloadAssembly
Native extension for WindowsStandalone target not found
Refreshing native plugins compatible for Editor in 0.94 ms, found 1 plugins.
Preloading 0 native plugins for Editor in 0.00 ms.
Invoked RoslynAnalysisRunner static constructor.
RoslynAnalysisRunner will not be running.
RoslynAnalysisRunner has terminated.
Mono: successfully reloaded assembly
- Completed reload, in  1.117 seconds
Platform modules already initialized, skipping
Refreshing native plugins compatible for Editor in 0.69 ms, found 1 plugins.
Preloading 0 native plugins for Editor in 0.00 ms.
Unloading 1813 Unused Serialized files (Serialized files now loaded: 0)
System memory in use before: 88.4 MB.
System memory in use after: 88.4 MB.

Unloading 12 unused Assets to reduce memory usage. Loaded Objects now: 2317.
Total: 4.413700 ms (FindLiveObjects: 1.169900 ms CreateObjectMapping: 0.380600 ms MarkObjects: 2.671200 ms  DeleteObjects: 0.186500 ms)

========================================================================
Received Import Request.
  Time since last request: 414.058035 seconds.
  path: Assets/Prefabs/AttackEnemy.prefab
  artifactKey: Guid(80ad64f323b0662429e1be1a3817761a) Importer(815301076,1909f56bfc062723c751e8b465ee728b)
Start importing Assets/Prefabs/AttackEnemy.prefab using Guid(80ad64f323b0662429e1be1a3817761a) Importer(815301076,1909f56bfc062723c751e8b465ee728b)  -> (artifact id: '2b26a7a65dda1d4432ff7df4c4d6a8bc') in 0.096689 seconds
  Import took 0.106581 seconds .

========================================================================
Received Import Request.
  Time since last request: 5.602008 seconds.
  path: Assets/Prefabs/AttackEnemy.prefab
  artifactKey: Guid(80ad64f323b0662429e1be1a3817761a) Importer(815301076,1909f56bfc062723c751e8b465ee728b)
Start importing Assets/Prefabs/AttackEnemy.prefab using Guid(80ad64f323b0662429e1be1a3817761a) Importer(815301076,1909f56bfc062723c751e8b465ee728b)  -> (artifact id: '090aeb617ae76a80e2e33636dc9989a6') in 0.019095 seconds
  Import took 0.027206 seconds .

========================================================================
Received Prepare
Registering precompiled user dll's ...
Registered in 0.001674 seconds.
Begin MonoManager ReloadAssembly
Native extension for WindowsStandalone target not found
Refreshing native plugins compatible for Editor in 0.57 ms, found 1 plugins.
Preloading 0 native plugins for Editor in 0.00 ms.
Invoked RoslynAnalysisRunner static constructor.
RoslynAnalysisRunner will not be running.
RoslynAnalysisRunner has terminated.
Mono: successfully reloaded assembly
- Completed reload, in  1.073 seconds
Platform modules already initialized, skipping
Refreshing native plugins compatible for Editor in 0.56 ms, found 1 plugins.
Preloading 0 native plugins for Editor in 0.00 ms.
Unloading 1813 Unused Serialized files (Serialized files now loaded: 0)
System memory in use before: 88.4 MB.
System memory in use after: 88.4 MB.

Unloading 12 unused Assets to reduce memory usage. Loaded Objects now: 2322.
Total: 2.660100 ms (FindLiveObjects: 0.192600 ms CreateObjectMapping: 0.064700 ms MarkObjects: 2.222000 ms  DeleteObjects: 0.179300 ms)

========================================================================
Received Prepare
Registering precompiled user dll's ...
Registered in 0.000987 seconds.
Begin MonoManager ReloadAssembly
Native extension for WindowsStandalone target not found
Refreshing native plugins compatible for Editor in 0.61 ms, found 1 plugins.
Preloading 0 native plugins for Editor in 0.00 ms.
Invoked RoslynAnalysisRunner static constructor.
RoslynAnalysisRunner will not be running.
RoslynAnalysisRunner has terminated.
Mono: successfully reloaded assembly
- Completed reload, in  1.100 seconds
Platform modules already initialized, skipping
Refreshing native plugins compatible for Editor in 0.67 ms, found 1 plugins.
Preloading 0 native plugins for Editor in 0.00 ms.
Unloading 1813 Unused Serialized files (Serialized files now loaded: 0)
System memory in use before: 88.4 MB.
System memory in use after: 88.4 MB.

Unloading 12 unused Assets to reduce memory usage. Loaded Objects now: 2326.
Total: 3.000000 ms (FindLiveObjects: 0.262300 ms CreateObjectMapping: 0.072600 ms MarkObjects: 2.488800 ms  DeleteObjects: 0.174400 ms)

========================================================================
Received Prepare
Registering precompiled user dll's ...
Registered in 0.001358 seconds.
Begin MonoManager ReloadAssembly
Native extension for WindowsStandalone target not found
Refreshing native plugins compatible for Editor in 0.60 ms, found 1 plugins.
Preloading 0 native plugins for Editor in 0.00 ms.
Invoked RoslynAnalysisRunner static constructor.
RoslynAnalysisRunner will not be running.
RoslynAnalysisRunner has terminated.
Mono: successfully reloaded assembly
- Completed reload, in  1.470 seconds
Platform modules already initialized, skipping
Refreshing native plugins compatible for Editor in 0.66 ms, found 1 plugins.
Preloading 0 native plugins for Editor in 0.00 ms.
Unloading 1813 Unused Serialized files (Serialized files now loaded: 0)
System memory in use before: 88.4 MB.
System memory in use after: 88.4 MB.

Unloading 12 unused Assets to reduce memory usage. Loaded Objects now: 2330.
Total: 3.165000 ms (FindLiveObjects: 0.549400 ms CreateObjectMapping: 0.359400 ms MarkObjects: 2.134600 ms  DeleteObjects: 0.119100 ms)

========================================================================
Received Prepare
Registering precompiled user dll's ...
Registered in 0.001362 seconds.
Begin MonoManager ReloadAssembly
Native extension for WindowsStandalone target not found
Refreshing native plugins compatible for Editor in 0.70 ms, found 1 plugins.
Preloading 0 native plugins for Editor in 0.00 ms.
Invoked RoslynAnalysisRunner static constructor.
RoslynAnalysisRunner will not be running.
RoslynAnalysisRunner has terminated.
Mono: successfully reloaded assembly
- Completed reload, in  1.127 seconds
Platform modules already initialized, skipping
Refreshing native plugins compatible for Editor in 0.66 ms, found 1 plugins.
Preloading 0 native plugins for Editor in 0.00 ms.
Unloading 1813 Unused Serialized files (Serialized files now loaded: 0)
System memory in use before: 88.4 MB.
System memory in use after: 88.4 MB.

Unloading 12 unused Assets to reduce memory usage. Loaded Objects now: 2334.
Total: 2.301700 ms (FindLiveObjects: 0.198600 ms CreateObjectMapping: 0.073300 ms MarkObjects: 1.915200 ms  DeleteObjects: 0.113100 ms)

========================================================================
Received Prepare
Registering precompiled user dll's ...
Registered in 0.001607 seconds.
Begin MonoManager ReloadAssembly
Native extension for WindowsStandalone target not found
Refreshing native plugins compatible for Editor in 0.48 ms, found 1 plugins.
Preloading 0 native plugins for Editor in 0.00 ms.
Invoked RoslynAnalysisRunner static constructor.
RoslynAnalysisRunner will not be running.
RoslynAnalysisRunner has terminated.
Mono: successfully reloaded assembly
- Completed reload, in  1.103 seconds
Platform modules already initialized, skipping
Refreshing native plugins compatible for Editor in 0.65 ms, found 1 plugins.
Preloading 0 native plugins for Editor in 0.00 ms.
Unloading 1813 Unused Serialized files (Serialized files now loaded: 0)
System memory in use before: 88.4 MB.
System memory in use after: 88.4 MB.

Unloading 12 unused Assets to reduce memory usage. Loaded Objects now: 2338.
Total: 3.186600 ms (FindLiveObjects: 0.400000 ms CreateObjectMapping: 0.133000 ms MarkObjects: 2.459400 ms  DeleteObjects: 0.192600 ms)

========================================================================
Received Prepare
Registering precompiled user dll's ...
Registered in 0.002041 seconds.
Begin MonoManager ReloadAssembly
Native extension for WindowsStandalone target not found
Refreshing native plugins compatible for Editor in 1.22 ms, found 1 plugins.
Preloading 0 native plugins for Editor in 0.00 ms.
Invoked RoslynAnalysisRunner static constructor.
RoslynAnalysisRunner will not be running.
RoslynAnalysisRunner has terminated.
Mono: successfully reloaded assembly
- Completed reload, in  1.353 seconds
Platform modules already initialized, skipping
Refreshing native plugins compatible for Editor in 0.38 ms, found 1 plugins.
Preloading 0 native plugins for Editor in 0.00 ms.
Unloading 1813 Unused Serialized files (Serialized files now loaded: 0)
System memory in use before: 88.4 MB.
System memory in use after: 88.4 MB.

Unloading 12 unused Assets to reduce memory usage. Loaded Objects now: 2342.
Total: 4.692800 ms (FindLiveObjects: 0.845100 ms CreateObjectMapping: 0.306100 ms MarkObjects: 3.255800 ms  DeleteObjects: 0.281300 ms)

========================================================================
Received Import Request.
  Time since last request: 3915.807147 seconds.
  path: ProjectSettings/TagManager.asset
  artifactKey: Guid(00000000000000003000000000000000) Importer(815301076,1909f56bfc062723c751e8b465ee728b)
Start importing ProjectSettings/TagManager.asset using Guid(00000000000000003000000000000000) Importer(815301076,1909f56bfc062723c751e8b465ee728b)  -> (artifact id: 'f82e23cf6b662c74c3f41ce20004b424') in 0.034694 seconds
  Import took 0.044977 seconds .

========================================================================
Received Prepare
Registering precompiled user dll's ...
Registered in 0.002346 seconds.
Begin MonoManager ReloadAssembly
Native extension for WindowsStandalone target not found
Refreshing native plugins compatible for Editor in 0.45 ms, found 1 plugins.
Preloading 0 native plugins for Editor in 0.00 ms.
Invoked RoslynAnalysisRunner static constructor.
RoslynAnalysisRunner will not be running.
RoslynAnalysisRunner has terminated.
Mono: successfully reloaded assembly
- Completed reload, in  1.088 seconds
Platform modules already initialized, skipping
Refreshing native plugins compatible for Editor in 0.45 ms, found 1 plugins.
Preloading 0 native plugins for Editor in 0.00 ms.
Unloading 1813 Unused Serialized files (Serialized files now loaded: 0)
System memory in use before: 88.5 MB.
System memory in use after: 88.5 MB.

Unloading 13 unused Assets to reduce memory usage. Loaded Objects now: 2346.
Total: 3.872300 ms (FindLiveObjects: 0.492600 ms CreateObjectMapping: 0.193100 ms MarkObjects: 2.922400 ms  DeleteObjects: 0.261900 ms)

========================================================================
Received Prepare
Registering precompiled user dll's ...
Registered in 0.002054 seconds.
Begin MonoManager ReloadAssembly
Native extension for WindowsStandalone target not found
Refreshing native plugins compatible for Editor in 0.59 ms, found 1 plugins.
Preloading 0 native plugins for Editor in 0.00 ms.
Invoked RoslynAnalysisRunner static constructor.
RoslynAnalysisRunner will not be running.
RoslynAnalysisRunner has terminated.
Mono: successfully reloaded assembly
- Completed reload, in  1.243 seconds
Platform modules already initialized, skipping
Refreshing native plugins compatible for Editor in 0.62 ms, found 1 plugins.
Preloading 0 native plugins for Editor in 0.00 ms.
Unloading 1813 Unused Serialized files (Serialized files now loaded: 0)
System memory in use before: 88.5 MB.
System memory in use after: 88.5 MB.

Unloading 12 unused Assets to reduce memory usage. Loaded Objects now: 2350.
Total: 3.983100 ms (FindLiveObjects: 0.627000 ms CreateObjectMapping: 0.267600 ms MarkObjects: 2.918000 ms  DeleteObjects: 0.168000 ms)

========================================================================
Received Prepare
Registering precompiled user dll's ...
Registered in 0.001061 seconds.
Begin MonoManager ReloadAssembly
Native extension for WindowsStandalone target not found
Refreshing native plugins compatible for Editor in 0.71 ms, found 1 plugins.
Preloading 0 native plugins for Editor in 0.00 ms.
Invoked RoslynAnalysisRunner static constructor.
RoslynAnalysisRunner will not be running.
RoslynAnalysisRunner has terminated.
Mono: successfully reloaded assembly
- Completed reload, in  1.113 seconds
Platform modules already initialized, skipping
Refreshing native plugins compatible for Editor in 0.34 ms, found 1 plugins.
Preloading 0 native plugins for Editor in 0.00 ms.
Unloading 1813 Unused Serialized files (Serialized files now loaded: 0)
System memory in use before: 88.5 MB.
System memory in use after: 88.5 MB.

Unloading 12 unused Assets to reduce memory usage. Loaded Objects now: 2354.
Total: 3.210300 ms (FindLiveObjects: 0.361500 ms CreateObjectMapping: 0.168400 ms MarkObjects: 2.527800 ms  DeleteObjects: 0.150800 ms)

========================================================================
Received Import Request.
  Time since last request: 488.628994 seconds.
  path: Assets/Prefabs/Bullet.prefab
  artifactKey: Guid(f3a6f95a2f6c1b242affdca240e4dd1d) Importer(815301076,1909f56bfc062723c751e8b465ee728b)
Start importing Assets/Prefabs/Bullet.prefab using Guid(f3a6f95a2f6c1b242affdca240e4dd1d) Importer(815301076,1909f56bfc062723c751e8b465ee728b)  -> (artifact id: '0c5f8cad7fc0a0992d5a9fd729b35bcd') in 0.078796 seconds
  Import took 0.086075 seconds .

========================================================================
Received Import Request.
  Time since last request: 3.278395 seconds.
  path: Assets/Prefabs/Bullet.prefab
  artifactKey: Guid(f3a6f95a2f6c1b242affdca240e4dd1d) Importer(815301076,1909f56bfc062723c751e8b465ee728b)
Start importing Assets/Prefabs/Bullet.prefab using Guid(f3a6f95a2f6c1b242affdca240e4dd1d) Importer(815301076,1909f56bfc062723c751e8b465ee728b)  -> (artifact id: 'e6e886a93e0177a143e6030bbd328998') in 0.019636 seconds
  Import took 0.034646 seconds .

========================================================================
Received Prepare
Registering precompiled user dll's ...
Registered in 0.001135 seconds.
Begin MonoManager ReloadAssembly
Native extension for WindowsStandalone target not found
Refreshing native plugins compatible for Editor in 0.71 ms, found 1 plugins.
Preloading 0 native plugins for Editor in 0.00 ms.
Invoked RoslynAnalysisRunner static constructor.
RoslynAnalysisRunner will not be running.
RoslynAnalysisRunner has terminated.
Mono: successfully reloaded assembly
- Completed reload, in  0.902 seconds
Platform modules already initialized, skipping
Refreshing native plugins compatible for Editor in 0.34 ms, found 1 plugins.
Preloading 0 native plugins for Editor in 0.00 ms.
Unloading 1813 Unused Serialized files (Serialized files now loaded: 0)
System memory in use before: 88.5 MB.
System memory in use after: 88.5 MB.

Unloading 12 unused Assets to reduce memory usage. Loaded Objects now: 2359.
Total: 5.674600 ms (FindLiveObjects: 1.076400 ms CreateObjectMapping: 0.175700 ms MarkObjects: 4.156200 ms  DeleteObjects: 0.261700 ms)

========================================================================
Received Prepare
Registering precompiled user dll's ...
Registered in 0.001547 seconds.
Begin MonoManager ReloadAssembly
Native extension for WindowsStandalone target not found
Refreshing native plugins compatible for Editor in 0.56 ms, found 1 plugins.
Preloading 0 native plugins for Editor in 0.00 ms.
Invoked RoslynAnalysisRunner static constructor.
RoslynAnalysisRunner will not be running.
RoslynAnalysisRunner has terminated.
Mono: successfully reloaded assembly
- Completed reload, in  1.185 seconds
Platform modules already initialized, skipping
Refreshing native plugins compatible for Editor in 0.49 ms, found 1 plugins.
Preloading 0 native plugins for Editor in 0.00 ms.
Unloading 1813 Unused Serialized files (Serialized files now loaded: 0)
System memory in use before: 88.5 MB.
System memory in use after: 88.5 MB.

Unloading 12 unused Assets to reduce memory usage. Loaded Objects now: 2363.
Total: 3.194600 ms (FindLiveObjects: 0.421600 ms CreateObjectMapping: 0.160100 ms MarkObjects: 2.459800 ms  DeleteObjects: 0.150600 ms)

========================================================================
Received Import Request.
  Time since last request: 193.905737 seconds.
  path: Assets/Prefabs/Bullet.prefab
  artifactKey: Guid(f3a6f95a2f6c1b242affdca240e4dd1d) Importer(815301076,1909f56bfc062723c751e8b465ee728b)
Start importing Assets/Prefabs/Bullet.prefab using Guid(f3a6f95a2f6c1b242affdca240e4dd1d) Importer(815301076,1909f56bfc062723c751e8b465ee728b)  -> (artifact id: '6b3eaf65f914dc79e83eb0dd4ab2af92') in 0.087551 seconds
  Import took 0.094931 seconds .

========================================================================
Received Prepare
Registering precompiled user dll's ...
Registered in 0.001208 seconds.
Begin MonoManager ReloadAssembly
Native extension for WindowsStandalone target not found
Refreshing native plugins compatible for Editor in 0.47 ms, found 1 plugins.
Preloading 0 native plugins for Editor in 0.00 ms.
Invoked RoslynAnalysisRunner static constructor.
RoslynAnalysisRunner will not be running.
RoslynAnalysisRunner has terminated.
Mono: successfully reloaded assembly
- Completed reload, in  1.134 seconds
Platform modules already initialized, skipping
Refreshing native plugins compatible for Editor in 0.99 ms, found 1 plugins.
Preloading 0 native plugins for Editor in 0.00 ms.
Unloading 1813 Unused Serialized files (Serialized files now loaded: 0)
System memory in use before: 88.5 MB.
System memory in use after: 88.5 MB.

Unloading 12 unused Assets to reduce memory usage. Loaded Objects now: 2368.
Total: 2.944000 ms (FindLiveObjects: 0.267100 ms CreateObjectMapping: 0.132300 ms MarkObjects: 2.429000 ms  DeleteObjects: 0.113800 ms)

========================================================================
Received Prepare
Registering precompiled user dll's ...
Registered in 0.001473 seconds.
Begin MonoManager ReloadAssembly
Native extension for WindowsStandalone target not found
Refreshing native plugins compatible for Editor in 0.57 ms, found 1 plugins.
Preloading 0 native plugins for Editor in 0.00 ms.
Invoked RoslynAnalysisRunner static constructor.
RoslynAnalysisRunner will not be running.
RoslynAnalysisRunner has terminated.
Mono: successfully reloaded assembly
- Completed reload, in  1.050 seconds
Platform modules already initialized, skipping
Refreshing native plugins compatible for Editor in 0.65 ms, found 1 plugins.
Preloading 0 native plugins for Editor in 0.00 ms.
Unloading 1813 Unused Serialized files (Serialized files now loaded: 0)
System memory in use before: 88.5 MB.
System memory in use after: 88.5 MB.

Unloading 12 unused Assets to reduce memory usage. Loaded Objects now: 2372.
Total: 5.152500 ms (FindLiveObjects: 0.689100 ms CreateObjectMapping: 0.231700 ms MarkObjects: 3.995100 ms  DeleteObjects: 0.233400 ms)

========================================================================
Received Prepare
Registering precompiled user dll's ...
Registered in 0.002394 seconds.
Begin MonoManager ReloadAssembly
Native extension for WindowsStandalone target not found
Refreshing native plugins compatible for Editor in 0.71 ms, found 1 plugins.
Preloading 0 native plugins for Editor in 0.00 ms.
Invoked RoslynAnalysisRunner static constructor.
RoslynAnalysisRunner will not be running.
RoslynAnalysisRunner has terminated.
Mono: successfully reloaded assembly
- Completed reload, in  1.118 seconds
Platform modules already initialized, skipping
Refreshing native plugins compatible for Editor in 0.46 ms, found 1 plugins.
Preloading 0 native plugins for Editor in 0.00 ms.
Unloading 1813 Unused Serialized files (Serialized files now loaded: 0)
System memory in use before: 88.5 MB.
System memory in use after: 88.5 MB.

Unloading 12 unused Assets to reduce memory usage. Loaded Objects now: 2376.
Total: 3.365300 ms (FindLiveObjects: 0.493000 ms CreateObjectMapping: 0.128000 ms MarkObjects: 2.563600 ms  DeleteObjects: 0.178900 ms)

========================================================================
Received Prepare
Registering precompiled user dll's ...
Registered in 0.001263 seconds.
Begin MonoManager ReloadAssembly
Native extension for WindowsStandalone target not found
Refreshing native plugins compatible for Editor in 1.08 ms, found 1 plugins.
Preloading 0 native plugins for Editor in 0.00 ms.
Invoked RoslynAnalysisRunner static constructor.
RoslynAnalysisRunner will not be running.
RoslynAnalysisRunner has terminated.
Mono: successfully reloaded assembly
- Completed reload, in  1.780 seconds
Platform modules already initialized, skipping
Refreshing native plugins compatible for Editor in 1.16 ms, found 1 plugins.
Preloading 0 native plugins for Editor in 0.00 ms.
Unloading 1813 Unused Serialized files (Serialized files now loaded: 0)
System memory in use before: 88.5 MB.
System memory in use after: 88.5 MB.

Unloading 12 unused Assets to reduce memory usage. Loaded Objects now: 2380.
Total: 3.510400 ms (FindLiveObjects: 0.544000 ms CreateObjectMapping: 0.295000 ms MarkObjects: 2.403500 ms  DeleteObjects: 0.264100 ms)

AssetImportWorkerClient::OnTransportError - code=2 error=End of file
